<?xml version="1.0" encoding="UTF-8"?>
<testng-results ignored="0" total="2" passed="2" failed="0" skipped="0">
  <reporter-output>
    <line>
      <![CDATA[Title is not matching]]>
    </line>
    <line>
      <![CDATA[Title is matching]]>
    </line>
  </reporter-output>
  <suite started-at="2024-03-01T13:15:07 IST" name="Default suite" finished-at="2024-03-01T13:15:28 IST" duration-ms="20931">
    <groups>
    </groups>
    <test started-at="2024-03-01T13:15:07 IST" name="Default test" finished-at="2024-03-01T13:15:28 IST" duration-ms="20931">
      <class name="property.Extent_reports">
        <test-method is-config="true" signature="extent()[pri:0, instance:property.Extent_reports@188715b5]" started-at="2024-03-01T13:15:07 IST" name="extent" finished-at="2024-03-01T13:15:08 IST" duration-ms="567" status="PASS">
          <reporter-output>
          </reporter-output>
        </test-method> <!-- extent -->
        <test-method is-config="true" signature="setUp()[pri:0, instance:property.Extent_reports@188715b5]" started-at="2024-03-01T13:15:08 IST" name="setUp" finished-at="2024-03-01T13:15:18 IST" duration-ms="9657" status="PASS">
          <reporter-output>
          </reporter-output>
        </test-method> <!-- setUp -->
        <test-method signature="checkTitile2()[pri:0, instance:property.Extent_reports@188715b5]" started-at="2024-03-01T13:15:18 IST" name="checkTitile2" finished-at="2024-03-01T13:15:18 IST" duration-ms="53" status="PASS">
          <reporter-output>
            <line>
              <![CDATA[Title is not matching]]>
            </line>
          </reporter-output>
        </test-method> <!-- checkTitile2 -->
        <test-method is-config="true" signature="tearDown()[pri:0, instance:property.Extent_reports@188715b5]" started-at="2024-03-01T13:15:18 IST" name="tearDown" finished-at="2024-03-01T13:15:19 IST" duration-ms="1624" status="PASS">
          <reporter-output>
          </reporter-output>
        </test-method> <!-- tearDown -->
        <test-method is-config="true" signature="setUp()[pri:0, instance:property.Extent_reports@188715b5]" started-at="2024-03-01T13:15:19 IST" name="setUp" finished-at="2024-03-01T13:15:27 IST" duration-ms="7979" status="PASS">
          <reporter-output>
          </reporter-output>
        </test-method> <!-- setUp -->
        <test-method signature="checkTitle1()[pri:0, instance:property.Extent_reports@188715b5]" started-at="2024-03-01T13:15:27 IST" name="checkTitle1" finished-at="2024-03-01T13:15:27 IST" duration-ms="37" status="PASS">
          <reporter-output>
            <line>
              <![CDATA[Title is matching]]>
            </line>
          </reporter-output>
        </test-method> <!-- checkTitle1 -->
        <test-method is-config="true" signature="tearDown()[pri:0, instance:property.Extent_reports@188715b5]" started-at="2024-03-01T13:15:27 IST" name="tearDown" finished-at="2024-03-01T13:15:28 IST" duration-ms="880" status="PASS">
          <reporter-output>
          </reporter-output>
        </test-method> <!-- tearDown -->
      </class> <!-- property.Extent_reports -->
    </test> <!-- Default test -->
  </suite> <!-- Default suite -->
</testng-results>
